<?xml version="1.0" encoding="UTF-8"?>
<!-- Generated by org.testng.reporters.JUnitReportReporter -->
<testsuite skipped="0" hostname="ChandanJha-VAIO" name="com.learning.selenium.App" tests="1" failures="0" timestamp="09 Mar 2019 15:33:11 GMT" time="0.038" errors="0">
  <testcase name="TestRun" time="0.038" classname="com.learning.selenium.App"/>
</testsuite> <!-- com.learning.selenium.App -->
